  20252.cpp
C:\Users\Lalva\source\repos\ALAS\proyectoCompuGraficaLab\3dmax\include\shader_m.h(44,40): warning C4101: 'e': variable local sin referencia
  (compilando archivo de origen "20252.cpp")
  
C:\Users\Lalva\source\repos\ALAS\proyectoCompuGraficaLab\3dmax\include\mesh.h(88,50): warning C4267: 'argumento': conversión de 'size_t' a 'GLsizei'; posible pérdida de datos
  (compilando archivo de origen "20252.cpp")
  
C:\Users\Lalva\source\repos\ALAS\proyectoCompuGraficaLab\3dmax\include\meshAnim.h(116,50): warning C4267: 'argumento': conversión de 'size_t' a 'GLsizei'; posible pérdida de datos
  (compilando archivo de origen "20252.cpp")
  
C:\Users\Lalva\source\repos\ALAS\proyectoCompuGraficaLab\3dmax\include\modelAnim.h(104,44): warning C4244: '=': conversión de 'double' a 'float'; posible pérdida de datos
  (compilando archivo de origen "20252.cpp")
  
C:\Users\Lalva\source\repos\ALAS\proyectoCompuGraficaLab\3dmax\include\modelAnim.h(520,24): warning C4244: 'inicializando': conversión de 'double' a 'float'; posible pérdida de datos
  (compilando archivo de origen "20252.cpp")
  
C:\Users\Lalva\source\repos\ALAS\proyectoCompuGraficaLab\3dmax\20252.cpp(524,27): warning C4244: '=': conversión de 'Uint64' a 'double'; posible pérdida de datos
C:\Users\Lalva\source\repos\ALAS\proyectoCompuGraficaLab\3dmax\20252.cpp(1171,11): warning C4244: '=': conversión de 'double' a 'GLfloat'; posible pérdida de datos
C:\Users\Lalva\source\repos\ALAS\proyectoCompuGraficaLab\3dmax\20252.cpp(1172,11): warning C4244: '=': conversión de 'double' a 'GLfloat'; posible pérdida de datos
C:\Users\Lalva\source\repos\ALAS\proyectoCompuGraficaLab\3dmax\20252.cpp(1179,10): warning C4244: '=': conversión de 'double' a 'GLfloat'; posible pérdida de datos
C:\Users\Lalva\source\repos\ALAS\proyectoCompuGraficaLab\3dmax\20252.cpp(1180,10): warning C4244: '=': conversión de 'double' a 'GLfloat'; posible pérdida de datos
C:\Users\Lalva\source\repos\ALAS\proyectoCompuGraficaLab\3dmax\20252.cpp(1182,39): warning C4244: 'argumento': conversión de 'double' a 'float'; posible pérdida de datos
C:\Users\Lalva\source\repos\ALAS\proyectoCompuGraficaLab\3dmax\20252.cpp(1182,30): warning C4244: 'argumento': conversión de 'double' a 'float'; posible pérdida de datos
C:\Users\Lalva\source\repos\ALAS\proyectoCompuGraficaLab\3dmax\20252.cpp(1187,28): warning C4244: 'argumento': conversión de 'double' a 'float'; posible pérdida de datos
glad.lib(glad.obj) : warning LNK4099: no se encontró PDB '' con 'glad.lib(glad.obj)' o en ''; se vinculará el objeto sin tener en cuenta información de depuración
LINK : warning LNK4098: la biblioteca predeterminada'MSVCRT' entra en conflicto con otras bibliotecas; use la biblioteca /NODEFAULTLIB:biblioteca
  3dmax.vcxproj -> C:\Users\Lalva\source\repos\ALAS\proyectoCompuGraficaLab\x64\Debug\3dmax.exe
