  Proyecto_Lab.cpp
C:\Users\venom\Documents\Proyecto final\Proyecto_Lab\Proyecto_Lab\include\shader_m.h(44,40): warning C4101: 'e': variable local sin referencia
  (compilando archivo de origen "Proyecto_Lab.cpp")
  
C:\Users\venom\Documents\Proyecto final\Proyecto_Lab\Proyecto_Lab\include\mesh.h(88,50): warning C4267: 'argumento': conversión de 'size_t' a 'GLsizei'; posible pérdida de datos
  (compilando archivo de origen "Proyecto_Lab.cpp")
  
C:\Users\venom\Documents\Proyecto final\Proyecto_Lab\Proyecto_Lab\include\meshAnim.h(116,50): warning C4267: 'argumento': conversión de 'size_t' a 'GLsizei'; posible pérdida de datos
  (compilando archivo de origen "Proyecto_Lab.cpp")
  
C:\Users\venom\Documents\Proyecto final\Proyecto_Lab\Proyecto_Lab\include\modelAnim.h(104,44): warning C4244: '=': conversión de 'double' a 'float'; posible pérdida de datos
  (compilando archivo de origen "Proyecto_Lab.cpp")
  
C:\Users\venom\Documents\Proyecto final\Proyecto_Lab\Proyecto_Lab\include\modelAnim.h(520,24): warning C4244: 'inicializando': conversión de 'double' a 'float'; posible pérdida de datos
  (compilando archivo de origen "Proyecto_Lab.cpp")
  
C:\Users\venom\Documents\Proyecto final\Proyecto_Lab\Proyecto_Lab\Proyecto_Lab.cpp(480,27): warning C4244: '=': conversión de 'Uint64' a 'double'; posible pérdida de datos
C:\Users\venom\Documents\Proyecto final\Proyecto_Lab\Proyecto_Lab\Proyecto_Lab.cpp(736,11): warning C4244: '=': conversión de 'double' a 'GLfloat'; posible pérdida de datos
C:\Users\venom\Documents\Proyecto final\Proyecto_Lab\Proyecto_Lab\Proyecto_Lab.cpp(737,11): warning C4244: '=': conversión de 'double' a 'GLfloat'; posible pérdida de datos
C:\Users\venom\Documents\Proyecto final\Proyecto_Lab\Proyecto_Lab\Proyecto_Lab.cpp(744,10): warning C4244: '=': conversión de 'double' a 'GLfloat'; posible pérdida de datos
C:\Users\venom\Documents\Proyecto final\Proyecto_Lab\Proyecto_Lab\Proyecto_Lab.cpp(745,10): warning C4244: '=': conversión de 'double' a 'GLfloat'; posible pérdida de datos
C:\Users\venom\Documents\Proyecto final\Proyecto_Lab\Proyecto_Lab\Proyecto_Lab.cpp(747,39): warning C4244: 'argumento': conversión de 'double' a 'float'; posible pérdida de datos
C:\Users\venom\Documents\Proyecto final\Proyecto_Lab\Proyecto_Lab\Proyecto_Lab.cpp(747,30): warning C4244: 'argumento': conversión de 'double' a 'float'; posible pérdida de datos
C:\Users\venom\Documents\Proyecto final\Proyecto_Lab\Proyecto_Lab\Proyecto_Lab.cpp(752,28): warning C4244: 'argumento': conversión de 'double' a 'float'; posible pérdida de datos
LINK : warning LNK4098: la biblioteca predeterminada'MSVCRT' entra en conflicto con otras bibliotecas; use la biblioteca /NODEFAULTLIB:biblioteca
  Proyecto_Lab.vcxproj -> C:\Users\venom\Documents\Proyecto final\Proyecto_Lab\x64\Debug\Proyecto_Lab.exe
  "pwsh.exe" no se reconoce como un comando interno o externo,
  programa o archivo por lotes ejecutable.
